{"C:\\travel\\src\\client\\js\\app.js": {"path":"C:\\travel\\src\\client\\js\\app.js","statementMap":{"0":{"start":{"line":3,"column":0},"end":{"line":3,"column":23}},"1":{"start":{"line":5,"column":20},"end":{"line":5,"column":57}},"2":{"start":{"line":6,"column":16},"end":{"line":6,"column":56}},"3":{"start":{"line":7,"column":17},"end":{"line":7,"column":58}},"4":{"start":{"line":8,"column":12},"end":{"line":8,"column":22}},"5":{"start":{"line":9,"column":0},"end":{"line":9,"column":41}},"6":{"start":{"line":12,"column":0},"end":{"line":15,"column":1}},"7":{"start":{"line":13,"column":2},"end":{"line":13,"column":37}},"8":{"start":{"line":14,"column":2},"end":{"line":14,"column":9}},"9":{"start":{"line":18,"column":0},"end":{"line":25,"column":1}},"10":{"start":{"line":19,"column":2},"end":{"line":19,"column":41}},"11":{"start":{"line":20,"column":2},"end":{"line":20,"column":9}},"12":{"start":{"line":24,"column":0},"end":{"line":24,"column":9}},"13":{"start":{"line":28,"column":12},"end":{"line":28,"column":47}},"14":{"start":{"line":29,"column":0},"end":{"line":33,"column":1}},"15":{"start":{"line":30,"column":2},"end":{"line":30,"column":31}},"16":{"start":{"line":32,"column":2},"end":{"line":32,"column":32}},"17":{"start":{"line":35,"column":19},"end":{"line":35,"column":56}},"18":{"start":{"line":36,"column":0},"end":{"line":40,"column":1}},"19":{"start":{"line":37,"column":2},"end":{"line":37,"column":39}},"20":{"start":{"line":39,"column":2},"end":{"line":39,"column":38}}},"fnMap":{"0":{"name":"recDATA","decl":{"start":{"line":2,"column":16},"end":{"line":2,"column":23}},"loc":{"start":{"line":2,"column":25},"end":{"line":42,"column":1}},"line":2}},"branchMap":{"0":{"loc":{"start":{"line":12,"column":0},"end":{"line":15,"column":1}},"type":"if","locations":[{"start":{"line":12,"column":0},"end":{"line":15,"column":1}},{"start":{"line":12,"column":0},"end":{"line":15,"column":1}}],"line":12},"1":{"loc":{"start":{"line":18,"column":0},"end":{"line":25,"column":1}},"type":"if","locations":[{"start":{"line":18,"column":0},"end":{"line":25,"column":1}},{"start":{"line":18,"column":0},"end":{"line":25,"column":1}}],"line":18},"2":{"loc":{"start":{"line":18,"column":4},"end":{"line":18,"column":41}},"type":"binary-expr","locations":[{"start":{"line":18,"column":4},"end":{"line":18,"column":19}},{"start":{"line":18,"column":23},"end":{"line":18,"column":41}}],"line":18},"3":{"loc":{"start":{"line":29,"column":0},"end":{"line":33,"column":1}},"type":"if","locations":[{"start":{"line":29,"column":0},"end":{"line":33,"column":1}},{"start":{"line":29,"column":0},"end":{"line":33,"column":1}}],"line":29},"4":{"loc":{"start":{"line":36,"column":0},"end":{"line":40,"column":1}},"type":"if","locations":[{"start":{"line":36,"column":0},"end":{"line":40,"column":1}},{"start":{"line":36,"column":0},"end":{"line":40,"column":1}}],"line":36}},"s":{"0":0,"1":0,"2":0,"3":0,"4":0,"5":0,"6":0,"7":0,"8":0,"9":0,"10":0,"11":0,"12":0,"13":0,"14":0,"15":0,"16":0,"17":0,"18":0,"19":0,"20":0},"f":{"0":0},"b":{"0":[0,0],"1":[0,0],"2":[0,0],"3":[0,0],"4":[0,0]},"_coverageSchema":"1a1c01bbd47fc00a2c39e90264f33305004495a9","hash":"89fc613fbdcc6e4509e1acf0aff1a85842d0776c"}
,"C:\\travel\\src\\client\\js\\getinfo.js": {"path":"C:\\travel\\src\\client\\js\\getinfo.js","statementMap":{"0":{"start":{"line":2,"column":14},"end":{"line":2,"column":24}},"1":{"start":{"line":3,"column":20},"end":{"line":3,"column":68}},"2":{"start":{"line":4,"column":25},"end":{"line":4,"column":62}},"3":{"start":{"line":5,"column":21},"end":{"line":5,"column":61}},"4":{"start":{"line":6,"column":22},"end":{"line":6,"column":63}},"5":{"start":{"line":8,"column":16},"end":{"line":8,"column":66}},"6":{"start":{"line":9,"column":17},"end":{"line":9,"column":68}},"7":{"start":{"line":10,"column":24},"end":{"line":10,"column":62}},"8":{"start":{"line":12,"column":15},"end":{"line":12,"column":54}},"9":{"start":{"line":13,"column":2},"end":{"line":13,"column":22}},"10":{"start":{"line":15,"column":15},"end":{"line":15,"column":50}},"11":{"start":{"line":16,"column":20},"end":{"line":16,"column":60}},"12":{"start":{"line":17,"column":2},"end":{"line":17,"column":27}},"13":{"start":{"line":20,"column":22},"end":{"line":28,"column":4}},"14":{"start":{"line":21,"column":21},"end":{"line":21,"column":45}},"15":{"start":{"line":22,"column":7},"end":{"line":27,"column":8}},"16":{"start":{"line":23,"column":31},"end":{"line":23,"column":49}},"17":{"start":{"line":24,"column":11},"end":{"line":24,"column":30}},"18":{"start":{"line":26,"column":11},"end":{"line":26,"column":46}},"19":{"start":{"line":29,"column":22},"end":{"line":29,"column":41}},"20":{"start":{"line":30,"column":19},"end":{"line":30,"column":37}},"21":{"start":{"line":31,"column":23},"end":{"line":31,"column":45}},"22":{"start":{"line":32,"column":23},"end":{"line":32,"column":42}},"23":{"start":{"line":36,"column":18},"end":{"line":36,"column":56}},"24":{"start":{"line":37,"column":25},"end":{"line":37,"column":81}},"25":{"start":{"line":38,"column":3},"end":{"line":38,"column":31}},"26":{"start":{"line":39,"column":3},"end":{"line":39,"column":28}},"27":{"start":{"line":41,"column":18},"end":{"line":50,"column":3}},"28":{"start":{"line":42,"column":6},"end":{"line":49,"column":11}},"29":{"start":{"line":43,"column":27},"end":{"line":43,"column":55}},"30":{"start":{"line":44,"column":23},"end":{"line":44,"column":44}},"31":{"start":{"line":45,"column":11},"end":{"line":45,"column":29}},"32":{"start":{"line":46,"column":11},"end":{"line":46,"column":23}},"33":{"start":{"line":48,"column":10},"end":{"line":48,"column":47}},"34":{"start":{"line":51,"column":17},"end":{"line":51,"column":19}},"35":{"start":{"line":52,"column":19},"end":{"line":64,"column":3}},"36":{"start":{"line":53,"column":17},"end":{"line":53,"column":32}},"37":{"start":{"line":54,"column":6},"end":{"line":59,"column":5}},"38":{"start":{"line":60,"column":5},"end":{"line":60,"column":44}},"39":{"start":{"line":61,"column":5},"end":{"line":61,"column":120}},"40":{"start":{"line":62,"column":5},"end":{"line":62,"column":240}},"41":{"start":{"line":63,"column":4},"end":{"line":63,"column":20}},"42":{"start":{"line":66,"column":17},"end":{"line":66,"column":33}},"43":{"start":{"line":67,"column":12},"end":{"line":67,"column":22}},"44":{"start":{"line":68,"column":13},"end":{"line":68,"column":23}},"45":{"start":{"line":70,"column":3},"end":{"line":70,"column":28}},"46":{"start":{"line":73,"column":19},"end":{"line":73,"column":60}},"47":{"start":{"line":74,"column":29},"end":{"line":74,"column":103}},"48":{"start":{"line":75,"column":0},"end":{"line":75,"column":35}},"49":{"start":{"line":76,"column":21},"end":{"line":85,"column":1}},"50":{"start":{"line":77,"column":3},"end":{"line":84,"column":8}},"51":{"start":{"line":78,"column":28},"end":{"line":78,"column":63}},"52":{"start":{"line":79,"column":24},"end":{"line":79,"column":49}},"53":{"start":{"line":80,"column":8},"end":{"line":80,"column":30}},"54":{"start":{"line":81,"column":8},"end":{"line":81,"column":24}},"55":{"start":{"line":83,"column":7},"end":{"line":83,"column":44}},"56":{"start":{"line":86,"column":20},"end":{"line":94,"column":1}},"57":{"start":{"line":87,"column":18},"end":{"line":87,"column":37}},"58":{"start":{"line":88,"column":23},"end":{"line":90,"column":2}},"59":{"start":{"line":91,"column":1},"end":{"line":91,"column":29}},"60":{"start":{"line":92,"column":2},"end":{"line":92,"column":36}},"61":{"start":{"line":93,"column":2},"end":{"line":93,"column":133}},"62":{"start":{"line":97,"column":19},"end":{"line":97,"column":67}},"63":{"start":{"line":99,"column":29},"end":{"line":99,"column":90}},"64":{"start":{"line":100,"column":3},"end":{"line":100,"column":35}},"65":{"start":{"line":101,"column":21},"end":{"line":110,"column":3}},"66":{"start":{"line":102,"column":6},"end":{"line":109,"column":11}},"67":{"start":{"line":103,"column":28},"end":{"line":103,"column":60}},"68":{"start":{"line":104,"column":24},"end":{"line":104,"column":46}},"69":{"start":{"line":105,"column":11},"end":{"line":105,"column":30}},"70":{"start":{"line":106,"column":11},"end":{"line":106,"column":24}},"71":{"start":{"line":108,"column":10},"end":{"line":108,"column":47}},"72":{"start":{"line":111,"column":19},"end":{"line":137,"column":3}},"73":{"start":{"line":112,"column":18},"end":{"line":112,"column":34}},"74":{"start":{"line":113,"column":23},"end":{"line":131,"column":5}},"75":{"start":{"line":132,"column":4},"end":{"line":132,"column":29}},"76":{"start":{"line":133,"column":5},"end":{"line":133,"column":38}},"77":{"start":{"line":134,"column":5},"end":{"line":136,"column":260}},"78":{"start":{"line":142,"column":2},"end":{"line":142,"column":27}},"79":{"start":{"line":143,"column":17},"end":{"line":143,"column":48}},"80":{"start":{"line":144,"column":13},"end":{"line":144,"column":19}},"81":{"start":{"line":145,"column":24},"end":{"line":145,"column":86}},"82":{"start":{"line":146,"column":1},"end":{"line":146,"column":30}},"83":{"start":{"line":147,"column":19},"end":{"line":156,"column":1}},"84":{"start":{"line":148,"column":4},"end":{"line":155,"column":9}},"85":{"start":{"line":149,"column":26},"end":{"line":149,"column":55}},"86":{"start":{"line":150,"column":22},"end":{"line":150,"column":44}},"87":{"start":{"line":151,"column":9},"end":{"line":151,"column":28}},"88":{"start":{"line":152,"column":9},"end":{"line":152,"column":22}},"89":{"start":{"line":154,"column":8},"end":{"line":154,"column":45}},"90":{"start":{"line":157,"column":17},"end":{"line":165,"column":1}},"91":{"start":{"line":158,"column":16},"end":{"line":158,"column":32}},"92":{"start":{"line":159,"column":17},"end":{"line":161,"column":3}},"93":{"start":{"line":162,"column":3},"end":{"line":162,"column":24}},"94":{"start":{"line":163,"column":3},"end":{"line":163,"column":29}},"95":{"start":{"line":164,"column":3},"end":{"line":164,"column":111}},"96":{"start":{"line":172,"column":1},"end":{"line":172,"column":11}},"97":{"start":{"line":173,"column":1},"end":{"line":173,"column":11}},"98":{"start":{"line":174,"column":1},"end":{"line":174,"column":11}},"99":{"start":{"line":175,"column":1},"end":{"line":175,"column":14}}},"fnMap":{"0":{"name":"getInfo","decl":{"start":{"line":1,"column":22},"end":{"line":1,"column":29}},"loc":{"start":{"line":1,"column":32},"end":{"line":177,"column":1}},"line":1},"1":{"name":"(anonymous_1)","decl":{"start":{"line":20,"column":22},"end":{"line":20,"column":23}},"loc":{"start":{"line":20,"column":33},"end":{"line":28,"column":4}},"line":20},"2":{"name":"(anonymous_2)","decl":{"start":{"line":41,"column":18},"end":{"line":41,"column":19}},"loc":{"start":{"line":41,"column":30},"end":{"line":50,"column":3}},"line":41},"3":{"name":"(anonymous_3)","decl":{"start":{"line":52,"column":19},"end":{"line":52,"column":20}},"loc":{"start":{"line":52,"column":32},"end":{"line":64,"column":3}},"line":52},"4":{"name":"(anonymous_4)","decl":{"start":{"line":76,"column":21},"end":{"line":76,"column":22}},"loc":{"start":{"line":76,"column":33},"end":{"line":85,"column":1}},"line":76},"5":{"name":"(anonymous_5)","decl":{"start":{"line":86,"column":20},"end":{"line":86,"column":21}},"loc":{"start":{"line":86,"column":32},"end":{"line":94,"column":1}},"line":86},"6":{"name":"(anonymous_6)","decl":{"start":{"line":101,"column":21},"end":{"line":101,"column":22}},"loc":{"start":{"line":101,"column":33},"end":{"line":110,"column":3}},"line":101},"7":{"name":"(anonymous_7)","decl":{"start":{"line":111,"column":19},"end":{"line":111,"column":20}},"loc":{"start":{"line":111,"column":31},"end":{"line":137,"column":3}},"line":111},"8":{"name":"(anonymous_8)","decl":{"start":{"line":147,"column":19},"end":{"line":147,"column":20}},"loc":{"start":{"line":147,"column":31},"end":{"line":156,"column":1}},"line":147},"9":{"name":"(anonymous_9)","decl":{"start":{"line":157,"column":17},"end":{"line":157,"column":18}},"loc":{"start":{"line":157,"column":29},"end":{"line":165,"column":1}},"line":157}},"branchMap":{},"s":{"0":0,"1":0,"2":0,"3":0,"4":0,"5":0,"6":0,"7":0,"8":0,"9":0,"10":0,"11":0,"12":0,"13":0,"14":0,"15":0,"16":0,"17":0,"18":0,"19":0,"20":0,"21":0,"22":0,"23":0,"24":0,"25":0,"26":0,"27":0,"28":0,"29":0,"30":0,"31":0,"32":0,"33":0,"34":0,"35":0,"36":0,"37":0,"38":0,"39":0,"40":0,"41":0,"42":0,"43":0,"44":0,"45":0,"46":0,"47":0,"48":0,"49":0,"50":0,"51":0,"52":0,"53":0,"54":0,"55":0,"56":0,"57":0,"58":0,"59":0,"60":0,"61":0,"62":0,"63":0,"64":0,"65":0,"66":0,"67":0,"68":0,"69":0,"70":0,"71":0,"72":0,"73":0,"74":0,"75":0,"76":0,"77":0,"78":0,"79":0,"80":0,"81":0,"82":0,"83":0,"84":0,"85":0,"86":0,"87":0,"88":0,"89":0,"90":0,"91":0,"92":0,"93":0,"94":0,"95":0,"96":0,"97":0,"98":0,"99":0},"f":{"0":0,"1":0,"2":0,"3":0,"4":0,"5":0,"6":0,"7":0,"8":0,"9":0},"b":{},"_coverageSchema":"1a1c01bbd47fc00a2c39e90264f33305004495a9","hash":"170389628594758de9c6b9d018625bcdb2f92a29"}
,"C:\\travel\\src\\server\\index.js": {"path":"C:\\travel\\src\\server\\index.js","statementMap":{"0":{"start":{"line":1,"column":15},"end":{"line":1,"column":32}},"1":{"start":{"line":2,"column":0},"end":{"line":2,"column":15}},"2":{"start":{"line":3,"column":11},"end":{"line":3,"column":26}},"3":{"start":{"line":4,"column":16},"end":{"line":4,"column":34}},"4":{"start":{"line":5,"column":12},"end":{"line":5,"column":21}},"5":{"start":{"line":7,"column":13},"end":{"line":7,"column":17}},"6":{"start":{"line":8,"column":13},"end":{"line":8,"column":28}},"7":{"start":{"line":9,"column":0},"end":{"line":9,"column":16}},"8":{"start":{"line":10,"column":17},"end":{"line":10,"column":39}},"9":{"start":{"line":11,"column":0},"end":{"line":11,"column":52}},"10":{"start":{"line":12,"column":0},"end":{"line":12,"column":26}},"11":{"start":{"line":13,"column":0},"end":{"line":13,"column":31}},"12":{"start":{"line":15,"column":0},"end":{"line":15,"column":23}},"13":{"start":{"line":16,"column":0},"end":{"line":16,"column":22}},"14":{"start":{"line":18,"column":0},"end":{"line":20,"column":2}},"15":{"start":{"line":19,"column":2},"end":{"line":19,"column":56}},"16":{"start":{"line":22,"column":0},"end":{"line":25,"column":2}},"17":{"start":{"line":23,"column":5},"end":{"line":23,"column":36}},"18":{"start":{"line":27,"column":17},"end":{"line":31,"column":1}},"19":{"start":{"line":33,"column":0},"end":{"line":36,"column":2}},"20":{"start":{"line":35,"column":6},"end":{"line":35,"column":24}},"21":{"start":{"line":38,"column":0},"end":{"line":38,"column":21}}},"fnMap":{"0":{"name":"(anonymous_0)","decl":{"start":{"line":18,"column":17},"end":{"line":18,"column":18}},"loc":{"start":{"line":18,"column":23},"end":{"line":20,"column":1}},"line":18},"1":{"name":"(anonymous_1)","decl":{"start":{"line":22,"column":13},"end":{"line":22,"column":14}},"loc":{"start":{"line":22,"column":32},"end":{"line":25,"column":1}},"line":22},"2":{"name":"(anonymous_2)","decl":{"start":{"line":33,"column":19},"end":{"line":33,"column":20}},"loc":{"start":{"line":33,"column":39},"end":{"line":36,"column":1}},"line":33}},"branchMap":{},"s":{"0":1,"1":1,"2":1,"3":1,"4":1,"5":1,"6":1,"7":1,"8":1,"9":1,"10":1,"11":1,"12":1,"13":1,"14":1,"15":1,"16":1,"17":0,"18":1,"19":1,"20":1,"21":1},"f":{"0":1,"1":0,"2":1},"b":{},"_coverageSchema":"1a1c01bbd47fc00a2c39e90264f33305004495a9","hash":"e6cf701515df3f7f8c943d6d8e68fe8ed50d45c4"}
}
